============================= test session starts =============================
platform win32 -- Python 3.13.5, pytest-9.0.3, pluggy-1.5.0 -- C:\Users\akife\miniconda3\python.exe
cachedir: .pytest_cache
rootdir: C:\Users\akife\OneDrive\Masaüstü\482_project\src\backend
plugins: anyio-4.13.0
collecting ... collected 223 items

tests/test_category_api.py::TestListCategoriesEndpoint::test_returns_200_when_categories_exist PASSED [  0%]
tests/test_category_api.py::TestListCategoriesEndpoint::test_response_is_list PASSED [  0%]
tests/test_category_api.py::TestListCategoriesEndpoint::test_returns_correct_number_of_categories PASSED [  1%]
tests/test_category_api.py::TestListCategoriesEndpoint::test_initializes_defaults_when_list_is_empty PASSED [  1%]
tests/test_category_api.py::TestListCategoriesEndpoint::test_does_not_initialize_when_categories_exist PASSED [  2%]
tests/test_category_api.py::TestListCategoriesEndpoint::test_invalid_user_id_returns_422 PASSED [  2%]
tests/test_category_api.py::TestListCategoriesEndpoint::test_category_has_name_field PASSED [  3%]
tests/test_category_api.py::TestListCategoriesEndpoint::test_category_has_id_field PASSED [  3%]
tests/test_category_api.py::TestInitializeCategoriesEndpoint::test_returns_200_on_success PASSED [  4%]
tests/test_category_api.py::TestInitializeCategoriesEndpoint::test_response_contains_four_categories PASSED [  4%]
tests/test_category_api.py::TestInitializeCategoriesEndpoint::test_response_includes_technology PASSED [  4%]
tests/test_category_api.py::TestInitializeCategoriesEndpoint::test_invalid_user_id_returns_422 PASSED [  5%]
tests/test_category_api.py::TestInitializeCategoriesEndpoint::test_service_called_with_correct_user_id PASSED [  5%]
tests/test_category_api.py::TestAddNewCategoryEndpoint::test_returns_200_on_valid_request PASSED [  6%]
tests/test_category_api.py::TestAddNewCategoryEndpoint::test_response_contains_category_name PASSED [  6%]
tests/test_category_api.py::TestAddNewCategoryEndpoint::test_missing_name_returns_422 PASSED [  7%]
tests/test_category_api.py::TestAddNewCategoryEndpoint::test_category_type_defaults_to_custom_when_omitted PASSED [  7%]
tests/test_category_api.py::TestAddNewCategoryEndpoint::test_empty_body_returns_422 PASSED [  8%]
tests/test_category_api.py::TestAddNewCategoryEndpoint::test_invalid_user_id_returns_422 PASSED [  8%]
tests/test_category_factory.py::TestCategoryFactoryPredefined::test_returns_category_instance PASSED [  8%]
tests/test_category_factory.py::TestCategoryFactoryPredefined::test_name_equals_enum_value PASSED [  9%]
tests/test_category_factory.py::TestCategoryFactoryPredefined::test_clothing_name PASSED [  9%]
tests/test_category_factory.py::TestCategoryFactoryPredefined::test_kitchen_name PASSED [ 10%]
tests/test_category_factory.py::TestCategoryFactoryPredefined::test_category_type_equals_enum_name PASSED [ 10%]
tests/test_category_factory.py::TestCategoryFactoryPredefined::test_user_id_is_set_correctly PASSED [ 11%]
tests/test_category_factory.py::TestCategoryFactoryPredefined::test_id_is_none_before_save PASSED [ 11%]
tests/test_category_factory.py::TestCategoryFactoryPredefined::test_different_user_ids_produce_different_categories PASSED [ 12%]
tests/test_category_factory.py::TestCategoryFactoryPredefined::test_all_predefined_names_are_correct[Cosmetics-Cosmetics] PASSED [ 12%]
tests/test_category_factory.py::TestCategoryFactoryPredefined::test_all_predefined_names_are_correct[Clothing-Clothing] PASSED [ 13%]
tests/test_category_factory.py::TestCategoryFactoryPredefined::test_all_predefined_names_are_correct[Technology-Technology] PASSED [ 13%]
tests/test_category_factory.py::TestCategoryFactoryPredefined::test_all_predefined_names_are_correct[Kitchen Utensils-Kitchen Utensils] PASSED [ 13%]
tests/test_category_factory.py::TestCategoryFactoryPredefined::test_all_predefined_have_no_id[Cosmetics] PASSED [ 14%]
tests/test_category_factory.py::TestCategoryFactoryPredefined::test_all_predefined_have_no_id[Clothing] PASSED [ 14%]
tests/test_category_factory.py::TestCategoryFactoryPredefined::test_all_predefined_have_no_id[Technology] PASSED [ 15%]
tests/test_category_factory.py::TestCategoryFactoryPredefined::test_all_predefined_have_no_id[Kitchen Utensils] PASSED [ 15%]
tests/test_category_factory.py::TestCategoryFactoryCustom::test_returns_category_instance PASSED [ 16%]
tests/test_category_factory.py::TestCategoryFactoryCustom::test_name_is_preserved PASSED [ 16%]
tests/test_category_factory.py::TestCategoryFactoryCustom::test_category_type_is_preserved PASSED [ 17%]
tests/test_category_factory.py::TestCategoryFactoryCustom::test_user_id_is_set_correctly PASSED [ 17%]
tests/test_category_factory.py::TestCategoryFactoryCustom::test_id_is_none_before_save PASSED [ 17%]
tests/test_category_factory.py::TestCategoryFactoryCustom::test_name_with_spaces_preserved PASSED [ 18%]
tests/test_category_factory.py::TestCategoryFactoryCustom::test_different_users_same_custom_name PASSED [ 18%]
tests/test_category_service.py::TestInitializeDefaultCategories::test_creates_one_category_per_predefined_enum PASSED [ 19%]
tests/test_category_service.py::TestInitializeDefaultCategories::test_repository_save_called_four_times PASSED [ 19%]
tests/test_category_service.py::TestInitializeDefaultCategories::test_returns_list_of_categories PASSED [ 20%]
tests/test_category_service.py::TestInitializeDefaultCategories::test_saved_categories_have_ids PASSED [ 20%]
tests/test_category_service.py::TestInitializeDefaultCategories::test_category_names_match_predefined_values PASSED [ 21%]
tests/test_category_service.py::TestInitializeDefaultCategories::test_all_categories_belong_to_correct_user PASSED [ 21%]
tests/test_category_service.py::TestListUserCategories::test_delegates_to_repository_find_by_user PASSED [ 21%]
tests/test_category_service.py::TestListUserCategories::test_returns_list_from_repository PASSED [ 22%]
tests/test_category_service.py::TestListUserCategories::test_returns_empty_list_when_no_categories PASSED [ 22%]
tests/test_category_service.py::TestListUserCategories::test_does_not_call_save PASSED [ 23%]
tests/test_category_service.py::TestCreateNewCategory::test_calls_repository_save PASSED [ 23%]
tests/test_category_service.py::TestCreateNewCategory::test_saved_category_has_correct_name PASSED [ 24%]
tests/test_category_service.py::TestCreateNewCategory::test_returns_saved_category PASSED [ 24%]
tests/test_category_service.py::TestCreateNewCategory::test_saved_category_has_user_id PASSED [ 25%]
tests/test_hepsiburada_scraper.py::TestExtractJsonldProduct::test_finds_product_in_graph_array PASSED [ 25%]
tests/test_hepsiburada_scraper.py::TestExtractJsonldProduct::test_finds_direct_product_type PASSED [ 26%]
tests/test_hepsiburada_scraper.py::TestExtractJsonldProduct::test_returns_none_when_no_product_found PASSED [ 26%]
tests/test_hepsiburada_scraper.py::TestExtractJsonldProduct::test_returns_none_on_empty_page PASSED [ 26%]
tests/test_hepsiburada_scraper.py::TestExtractJsonldProduct::test_finds_product_in_list_format PASSED [ 27%]
tests/test_hepsiburada_scraper.py::TestExtractPrice::test_extracts_price_from_offers_dict PASSED [ 27%]
tests/test_hepsiburada_scraper.py::TestExtractPrice::test_handles_comma_as_decimal_separator PASSED [ 28%]
tests/test_hepsiburada_scraper.py::TestExtractPrice::test_extracts_price_from_offers_list PASSED [ 28%]
tests/test_hepsiburada_scraper.py::TestExtractPrice::test_returns_none_when_price_missing PASSED [ 29%]
tests/test_hepsiburada_scraper.py::TestExtractPrice::test_returns_none_when_no_offers PASSED [ 29%]
tests/test_hepsiburada_scraper.py::TestExtractPrice::test_integer_price_string PASSED [ 30%]
tests/test_hepsiburada_scraper.py::TestExtractCurrency::test_returns_currency_from_offers PASSED [ 30%]
tests/test_hepsiburada_scraper.py::TestExtractCurrency::test_defaults_to_try PASSED [ 30%]
tests/test_hepsiburada_scraper.py::TestExtractCurrency::test_defaults_to_try_when_no_offers PASSED [ 31%]
tests/test_hepsiburada_scraper.py::TestExtractCurrency::test_currency_from_list_offers PASSED [ 31%]
tests/test_hepsiburada_scraper.py::TestExtractImage::test_extracts_first_image_from_list PASSED [ 32%]
tests/test_hepsiburada_scraper.py::TestExtractImage::test_extracts_image_string PASSED [ 32%]
tests/test_hepsiburada_scraper.py::TestExtractImage::test_returns_none_when_no_image PASSED [ 33%]
tests/test_hepsiburada_scraper.py::TestExtractImage::test_returns_none_for_empty_list PASSED [ 33%]
tests/test_hepsiburada_scraper.py::TestExtractProductData::test_raises_scraping_error_on_http_failure PASSED [ 34%]
tests/test_hepsiburada_scraper.py::TestExtractProductData::test_raises_scraping_error_when_no_jsonld PASSED [ 34%]
tests/test_hepsiburada_scraper.py::TestExtractProductData::test_returns_scraped_product_data PASSED [ 34%]
tests/test_hepsiburada_scraper.py::TestExtractProductData::test_scraped_data_contains_image_url PASSED [ 35%]
tests/test_llm_scraper.py::TestLLMScraperParsePrice::test_parses_float_directly PASSED [ 35%]
tests/test_llm_scraper.py::TestLLMScraperParsePrice::test_parses_integer PASSED [ 36%]
tests/test_llm_scraper.py::TestLLMScraperParsePrice::test_parses_string_number PASSED [ 36%]
tests/test_llm_scraper.py::TestLLMScraperParsePrice::test_removes_comma_thousand_separator PASSED [ 37%]
tests/test_llm_scraper.py::TestLLMScraperParsePrice::test_returns_none_for_none PASSED [ 37%]
tests/test_llm_scraper.py::TestLLMScraperParsePrice::test_returns_none_for_invalid_string PASSED [ 38%]
tests/test_llm_scraper.py::TestLLMScraperParsePrice::test_returns_none_for_empty_string PASSED [ 38%]
tests/test_llm_scraper.py::TestLLMScraperParsePrice::test_parses_zero PASSED [ 39%]
tests/test_llm_scraper.py::TestLLMScraperParsePrice::test_parses_string_with_spaces PASSED [ 39%]
tests/test_llm_scraper.py::TestLLMScraperExtractProductData::test_returns_scraped_product_data PASSED [ 39%]
tests/test_llm_scraper.py::TestLLMScraperExtractProductData::test_price_is_parsed_correctly PASSED [ 40%]
tests/test_llm_scraper.py::TestLLMScraperExtractProductData::test_currency_is_set_from_llm_response PASSED [ 40%]
tests/test_llm_scraper.py::TestLLMScraperExtractProductData::test_source_domain_is_extracted_from_url PASSED [ 41%]
tests/test_llm_scraper.py::TestLLMScraperExtractProductData::test_raises_scraping_error_on_http_failure PASSED [ 41%]
tests/test_llm_scraper.py::TestLLMScraperExtractProductData::test_raises_scraping_error_when_llm_returns_invalid_json PASSED [ 42%]
tests/test_llm_scraper.py::TestLLMScraperExtractProductData::test_defaults_unknown_product_title_when_missing PASSED [ 42%]
tests/test_new_scrapers.py::TestTrendyolScraperParsers::test_extract_price_from_discounted_span PASSED [ 43%]
tests/test_new_scrapers.py::TestTrendyolScraperParsers::test_extract_price_returns_none_when_missing PASSED [ 43%]
tests/test_new_scrapers.py::TestTrendyolScraperParsers::test_extract_title_from_h1 PASSED [ 43%]
tests/test_new_scrapers.py::TestTrendyolScraperParsers::test_extract_title_returns_none_when_missing PASSED [ 44%]
tests/test_new_scrapers.py::TestTrendyolScraperParsers::test_extract_image_returns_none_when_missing PASSED [ 44%]
tests/test_new_scrapers.py::TestTrendyolScraperParsers::test_extract_raises_scraping_error_on_http_failure PASSED [ 45%]
tests/test_new_scrapers.py::TestTrendyolScraperParsers::test_extract_returns_scraped_data PASSED [ 45%]
tests/test_new_scrapers.py::TestAmazonScraperParsers::test_extract_price_from_price_whole PASSED [ 46%]
tests/test_new_scrapers.py::TestAmazonScraperParsers::test_extract_price_returns_none_when_missing PASSED [ 46%]
tests/test_new_scrapers.py::TestAmazonScraperParsers::test_extract_title_from_product_title PASSED [ 47%]
tests/test_new_scrapers.py::TestAmazonScraperParsers::test_extract_title_returns_none_when_missing PASSED [ 47%]
tests/test_new_scrapers.py::TestAmazonScraperParsers::test_extract_image_from_landing_image PASSED [ 47%]
tests/test_new_scrapers.py::TestAmazonScraperParsers::test_extract_image_falls_back_to_src PASSED [ 48%]
tests/test_new_scrapers.py::TestAmazonScraperParsers::test_extract_image_returns_none_when_missing PASSED [ 48%]
tests/test_new_scrapers.py::TestAmazonScraperParsers::test_extract_raises_on_http_failure PASSED [ 49%]
tests/test_new_scrapers.py::TestBoynerScraperParsers::test_extract_price_removes_tl_suffix PASSED [ 49%]
tests/test_new_scrapers.py::TestBoynerScraperParsers::test_extract_price_returns_none_when_missing PASSED [ 50%]
tests/test_new_scrapers.py::TestBoynerScraperParsers::test_extract_title_combines_brand_and_name PASSED [ 50%]
tests/test_new_scrapers.py::TestBoynerScraperParsers::test_extract_title_returns_none_when_missing PASSED [ 51%]
tests/test_new_scrapers.py::TestBoynerScraperParsers::test_extract_image_skips_data_urls PASSED [ 51%]
tests/test_new_scrapers.py::TestBoynerScraperParsers::test_extract_image_returns_none_when_only_placeholder PASSED [ 52%]
tests/test_new_scrapers.py::TestBoynerScraperParsers::test_extract_raises_on_http_failure PASSED [ 52%]
tests/test_new_scrapers.py::TestMediaMarktScraperParsers::test_extract_price_removes_currency_symbols PASSED [ 52%]
tests/test_new_scrapers.py::TestMediaMarktScraperParsers::test_extract_price_returns_none_when_missing PASSED [ 53%]
tests/test_new_scrapers.py::TestMediaMarktScraperParsers::test_extract_title_from_h1 PASSED [ 53%]
tests/test_new_scrapers.py::TestMediaMarktScraperParsers::test_extract_title_returns_none_when_missing PASSED [ 54%]
tests/test_new_scrapers.py::TestMediaMarktScraperParsers::test_extract_image_skips_data_urls PASSED [ 54%]
tests/test_new_scrapers.py::TestMediaMarktScraperParsers::test_extract_image_returns_none_when_missing PASSED [ 55%]
tests/test_new_scrapers.py::TestMediaMarktScraperParsers::test_extract_raises_on_http_failure PASSED [ 55%]
tests/test_new_scrapers.py::TestTeknosaScraper::test_extract_price_from_visible_pi_input PASSED [ 56%]
tests/test_new_scrapers.py::TestTeknosaScraper::test_extract_price_from_prc_span_fallback PASSED [ 56%]
tests/test_new_scrapers.py::TestTeknosaScraper::test_extract_price_returns_none_when_missing PASSED [ 56%]
tests/test_new_scrapers.py::TestTeknosaScraper::test_extract_title_combines_brand_and_name PASSED [ 57%]
tests/test_new_scrapers.py::TestTeknosaScraper::test_extract_title_returns_none_when_both_missing PASSED [ 57%]
tests/test_new_scrapers.py::TestTeknosaScraper::test_extract_image_from_swiper_zoom PASSED [ 58%]
tests/test_new_scrapers.py::TestTeknosaScraper::test_extract_image_returns_none_when_missing PASSED [ 58%]
tests/test_new_scrapers.py::TestTeknosaScraper::test_extract_raises_on_http_failure PASSED [ 59%]
tests/test_product_api.py::TestAddProductEndpoint::test_returns_200_on_valid_product PASSED [ 59%]
tests/test_product_api.py::TestAddProductEndpoint::test_response_contains_product_name PASSED [ 60%]
tests/test_product_api.py::TestAddProductEndpoint::test_response_contains_user_id PASSED [ 60%]
tests/test_product_api.py::TestAddProductEndpoint::test_missing_name_returns_422 PASSED [ 60%]
tests/test_product_api.py::TestAddProductEndpoint::test_invalid_user_id_returns_422 PASSED [ 61%]
tests/test_product_api.py::TestAddProductEndpoint::test_service_returns_none_gives_error_response PASSED [ 61%]
tests/test_product_api.py::TestAddProductEndpoint::test_service_exception_returns_500 PASSED [ 62%]
tests/test_product_api.py::TestScrapeAndAddProductEndpoint::test_returns_200_on_valid_scrape PASSED [ 62%]
tests/test_product_api.py::TestScrapeAndAddProductEndpoint::test_response_has_product_id PASSED [ 63%]
tests/test_product_api.py::TestScrapeAndAddProductEndpoint::test_unsupported_platform_returns_400 PASSED [ 63%]
tests/test_product_api.py::TestScrapeAndAddProductEndpoint::test_scraping_error_returns_502 PASSED [ 64%]
tests/test_product_api.py::TestScrapeAndAddProductEndpoint::test_missing_url_returns_422 PASSED [ 64%]
tests/test_product_api.py::TestScrapeAndAddProductEndpoint::test_invalid_user_id_returns_422 PASSED [ 65%]
tests/test_product_api.py::TestGetUserProductsEndpoint::test_returns_200 PASSED [ 65%]
tests/test_product_api.py::TestGetUserProductsEndpoint::test_returns_list PASSED [ 65%]
tests/test_product_api.py::TestGetUserProductsEndpoint::test_returns_correct_count PASSED [ 66%]
tests/test_product_api.py::TestGetUserProductsEndpoint::test_invalid_user_id_returns_422 PASSED [ 66%]
tests/test_product_api.py::TestGetUserProductsEndpoint::test_service_exception_returns_500 PASSED [ 67%]
tests/test_product_api.py::TestUpdateProductEndpoint::test_returns_200_on_valid_update PASSED [ 67%]
tests/test_product_api.py::TestUpdateProductEndpoint::test_response_contains_id PASSED [ 68%]
tests/test_product_api.py::TestUpdateProductEndpoint::test_service_returns_none_gives_404 PASSED [ 68%]
tests/test_product_api.py::TestUpdateProductEndpoint::test_invalid_product_id_returns_422 PASSED [ 69%]
tests/test_product_api.py::TestUpdateProductEndpoint::test_update_purchase_state PASSED [ 69%]
tests/test_product_api.py::TestDeleteProductEndpoint::test_returns_200_on_success PASSED [ 69%]
tests/test_product_api.py::TestDeleteProductEndpoint::test_response_contains_detail_message PASSED [ 70%]
tests/test_product_api.py::TestDeleteProductEndpoint::test_invalid_product_id_returns_422 PASSED [ 70%]
tests/test_product_api.py::TestDeleteProductEndpoint::test_service_exception_returns_500 PASSED [ 71%]
tests/test_product_service.py::TestAddProduct::test_delegates_to_repository_create_product PASSED [ 71%]
tests/test_product_service.py::TestAddProduct::test_returns_created_product PASSED [ 72%]
tests/test_product_service.py::TestAddProduct::test_passes_user_id_to_repository PASSED [ 72%]
tests/test_product_service.py::TestAddProductFromUrl::test_calls_scraper_factory_with_url PASSED [ 73%]
tests/test_product_service.py::TestAddProductFromUrl::test_strategy_extract_is_called PASSED [ 73%]
tests/test_product_service.py::TestAddProductFromUrl::test_product_create_uses_scraped_title PASSED [ 73%]
tests/test_product_service.py::TestAddProductFromUrl::test_product_create_uses_scraped_price PASSED [ 74%]
tests/test_product_service.py::TestAddProductFromUrl::test_product_create_uses_scraped_image PASSED [ 74%]
tests/test_product_service.py::TestAddProductFromUrl::test_unsupported_platform_error_propagates PASSED [ 75%]
tests/test_product_service.py::TestAddProductFromUrl::test_scraping_error_propagates PASSED [ 75%]
tests/test_product_service.py::TestGetUserProducts::test_delegates_to_repository PASSED [ 76%]
tests/test_product_service.py::TestGetUserProducts::test_returns_products_list PASSED [ 76%]
tests/test_product_service.py::TestGetUserProducts::test_returns_empty_list_when_no_products PASSED [ 77%]
tests/test_product_service.py::TestUpdateProductDetails::test_delegates_to_repository PASSED [ 77%]
tests/test_product_service.py::TestUpdateProductDetails::test_returns_updated_product PASSED [ 78%]
tests/test_product_service.py::TestRemoveProduct::test_delegates_to_repository PASSED [ 78%]
tests/test_product_service.py::TestRemoveProduct::test_does_not_call_other_methods PASSED [ 78%]
tests/test_scheduler.py::TestCheckPricesFunction::test_fetches_auto_track_products PASSED [ 79%]
tests/test_scheduler.py::TestCheckPricesFunction::test_skips_products_without_url PASSED [ 79%]
tests/test_scheduler.py::TestCheckPricesFunction::test_calls_scraper_factory_for_each_product PASSED [ 80%]
tests/test_scheduler.py::TestCheckPricesFunction::test_saves_new_price_to_price_history PASSED [ 80%]
tests/test_scheduler.py::TestCheckPricesFunction::test_updates_current_price_in_products_table PASSED [ 81%]
tests/test_scheduler.py::TestCheckPricesFunction::test_skips_product_when_scraped_price_is_none PASSED [ 81%]
tests/test_scheduler.py::TestCheckPricesFunction::test_continues_on_single_product_scraping_error PASSED [ 82%]
tests/test_scheduler.py::TestCheckPricesFunction::test_does_not_raise_when_supabase_fails PASSED [ 82%]
tests/test_scheduler.py::TestStartScheduler::test_scheduler_is_started PASSED [ 82%]
tests/test_scheduler.py::TestStartScheduler::test_scheduler_adds_check_prices_job PASSED [ 83%]
tests/test_scraper_factory.py::TestScraperFactoryRegisteredPlatforms::test_hepsiburada_url_returns_hepsiburada_scraper PASSED [ 83%]
tests/test_scraper_factory.py::TestScraperFactoryRegisteredPlatforms::test_trendyol_url_returns_trendyol_scraper PASSED [ 84%]
tests/test_scraper_factory.py::TestScraperFactoryRegisteredPlatforms::test_amazon_url_returns_amazon_scraper PASSED [ 84%]
tests/test_scraper_factory.py::TestScraperFactoryRegisteredPlatforms::test_boyner_url_returns_boyner_scraper PASSED [ 85%]
tests/test_scraper_factory.py::TestScraperFactoryRegisteredPlatforms::test_mediamarkt_url_returns_mediamarkt_scraper PASSED [ 85%]
tests/test_scraper_factory.py::TestScraperFactoryRegisteredPlatforms::test_teknosa_url_returns_teknosa_scraper PASSED [ 86%]
tests/test_scraper_factory.py::TestScraperFactoryLLMFallback::test_unknown_domain_falls_back_to_llm_scraper PASSED [ 86%]
tests/test_scraper_factory.py::TestScraperFactoryLLMFallback::test_unsupported_platform_returns_llm_not_raises PASSED [ 86%]
tests/test_scraper_factory.py::TestScraperFactoryLLMFallback::test_completely_unknown_site_returns_llm PASSED [ 87%]
tests/test_scraper_factory.py::TestScraperFactoryInterface::test_all_registered_scrapers_implement_strategy PASSED [ 87%]
tests/test_scraper_factory.py::TestScraperFactoryInterface::test_llm_fallback_also_implements_strategy PASSED [ 88%]
tests/test_scraper_factory.py::TestScraperFactoryInterface::test_each_call_returns_new_instance PASSED [ 88%]
tests/test_scraper_factory.py::TestScraperFactoryInterface::test_hepsiburada_without_www PASSED [ 89%]
tests/test_scraper_factory.py::TestScraperFactoryInterface::test_trendyol_without_www PASSED [ 89%]
tests/test_user_api.py::TestCreateUserEndpoint::test_returns_200_on_valid_request PASSED [ 90%]
tests/test_user_api.py::TestCreateUserEndpoint::test_response_contains_email PASSED [ 90%]
tests/test_user_api.py::TestCreateUserEndpoint::test_missing_first_name_returns_422 PASSED [ 91%]
tests/test_user_api.py::TestCreateUserEndpoint::test_missing_last_name_returns_422 PASSED [ 91%]
tests/test_user_api.py::TestCreateUserEndpoint::test_missing_email_returns_422 PASSED [ 91%]
tests/test_user_api.py::TestCreateUserEndpoint::test_empty_body_returns_422 PASSED [ 92%]
tests/test_user_api.py::TestCreateUserEndpoint::test_service_called_with_correct_args PASSED [ 92%]
tests/test_user_api.py::TestUserStatsEndpoint::test_returns_200 PASSED   [ 93%]
tests/test_user_api.py::TestUserStatsEndpoint::test_response_has_required_fields PASSED [ 93%]
tests/test_user_api.py::TestUserStatsEndpoint::test_tracked_count_equals_product_count PASSED [ 94%]
tests/test_user_api.py::TestUserStatsEndpoint::test_purchased_count_filters_by_state PASSED [ 94%]
tests/test_user_api.py::TestUserStatsEndpoint::test_total_savings_calculated_for_price_drops PASSED [ 95%]
tests/test_user_api.py::TestUserStatsEndpoint::test_total_savings_zero_when_no_products PASSED [ 95%]
tests/test_user_api.py::TestUserStatsEndpoint::test_price_drops_today_counted_correctly PASSED [ 95%]
tests/test_user_api.py::TestUserStatsEndpoint::test_invalid_user_id_returns_422 PASSED [ 96%]
tests/test_user_service.py::TestCreateUser::test_calls_repository_save PASSED [ 96%]
tests/test_user_service.py::TestCreateUser::test_passes_correct_first_name PASSED [ 97%]
tests/test_user_service.py::TestCreateUser::test_passes_correct_last_name PASSED [ 97%]
tests/test_user_service.py::TestCreateUser::test_passes_correct_email PASSED [ 98%]
tests/test_user_service.py::TestCreateUser::test_passes_user_create_schema_to_repo PASSED [ 98%]
tests/test_user_service.py::TestCreateUser::test_returns_saved_user PASSED [ 99%]
tests/test_user_service.py::TestCreateUser::test_returns_user_with_id PASSED [ 99%]
tests/test_user_service.py::TestCreateUser::test_different_emails_produce_different_save_calls PASSED [100%]

============================== warnings summary ===============================
..\..\..\..\..\miniconda3\Lib\site-packages\pydantic\_internal\_config.py:323
  C:\Users\akife\miniconda3\Lib\site-packages\pydantic\_internal\_config.py:323: PydanticDeprecatedSince20: Support for class-based `config` is deprecated, use ConfigDict instead. Deprecated in Pydantic V2.0 to be removed in V3.0. See Pydantic V2 Migration Guide at https://errors.pydantic.dev/2.11/migration/
    warnings.warn(DEPRECATION_MESSAGE, DeprecationWarning)

..\..\..\..\..\miniconda3\Lib\site-packages\pydantic\_internal\_config.py:373
  C:\Users\akife\miniconda3\Lib\site-packages\pydantic\_internal\_config.py:373: UserWarning: Valid config keys have changed in V2:
  * 'orm_mode' has been renamed to 'from_attributes'
    warnings.warn(message, UserWarning)

-- Docs: https://docs.pytest.org/en/stable/how-to/capture-warnings.html
======================= 223 passed, 2 warnings in 0.77s =======================
